# JRE version: Java(TM) SE Runtime Environment (8.0_31-b13) (build 1.8.0_31-b13)
# Java VM: Java HotSpot(TM) 64-Bit Server VM (25.31-b07 mixed mode windows-amd64 compressed oops)
Heap:
 PSYoungGen      total 75264K, used 15432K [0x000000076c380000, 0x0000000771780000, 0x00000007c0000000)
  eden space 64512K, 23% used [0x000000076c380000,0x000000076d2920e0,0x0000000770280000)
  from space 10752K, 0% used [0x0000000770280000,0x0000000770280000,0x0000000770d00000)
  to   space 10752K, 0% used [0x0000000770d00000,0x0000000770d00000,0x0000000771780000)
 ParOldGen       total 68096K, used 3457K [0x00000006c4a00000, 0x00000006c8c80000, 0x000000076c380000)
  object space 68096K, 5% used [0x00000006c4a00000,0x00000006c4d60598,0x00000006c8c80000)
 Metaspace       used 21025K, capacity 21310K, committed 21504K, reserved 1069056K
  class space    used 1647K, capacity 1770K, committed 1792K, reserved 1048576K
GC Heap History (8 events):
Event: 10.259 GC heap before
{Heap before GC invocations=1 (full 0):
 PSYoungGen      total 75264K, used 64512K [0x000000076c380000, 0x0000000771780000, 0x00000007c0000000)
  eden space 64512K, 100% used [0x000000076c380000,0x0000000770280000,0x0000000770280000)
  from space 10752K, 0% used [0x0000000770d00000,0x0000000770d00000,0x0000000771780000)
  to   space 10752K, 0% used [0x0000000770280000,0x0000000770280000,0x0000000770d00000)
 ParOldGen       total 172032K, used 0K [0x00000006c4a00000, 0x00000006cf200000, 0x000000076c380000)
  object space 172032K, 0% used [0x00000006c4a00000,0x00000006c4a00000,0x00000006cf200000)
 Metaspace       used 8395K, capacity 8630K, committed 8832K, reserved 1056768K
  class space    used 992K, capacity 1038K, committed 1152K, reserved 1048576K
Event: 10.265 GC heap after
Heap after GC invocations=1 (full 0):
 PSYoungGen      total 75264K, used 2248K [0x000000076c380000, 0x0000000771780000, 0x00000007c0000000)
  eden space 64512K, 0% used [0x000000076c380000,0x000000076c380000,0x0000000770280000)
  from space 10752K, 20% used [0x0000000770280000,0x00000007704b2020,0x0000000770d00000)
  to   space 10752K, 0% used [0x0000000770d00000,0x0000000770d00000,0x0000000771780000)
 ParOldGen       total 172032K, used 8K [0x00000006c4a00000, 0x00000006cf200000, 0x000000076c380000)
  object space 172032K, 0% used [0x00000006c4a00000,0x00000006c4a02000,0x00000006cf200000)
 Metaspace       used 8395K, capacity 8630K, committed 8832K, reserved 1056768K
  class space    used 992K, capacity 1038K, committed 1152K, reserved 1048576K
}
Event: 67.829 GC heap before
{Heap before GC invocations=2 (full 0):
 PSYoungGen      total 75264K, used 66760K [0x000000076c380000, 0x0000000771780000, 0x00000007c0000000)
  eden space 64512K, 100% used [0x000000076c380000,0x0000000770280000,0x0000000770280000)
  from space 10752K, 20% used [0x0000000770280000,0x00000007704b2020,0x0000000770d00000)
  to   space 10752K, 0% used [0x0000000770d00000,0x0000000770d00000,0x0000000771780000)
 ParOldGen       total 172032K, used 8K [0x00000006c4a00000, 0x00000006cf200000, 0x000000076c380000)
  object space 172032K, 0% used [0x00000006c4a00000,0x00000006c4a02000,0x00000006cf200000)
 Metaspace       used 9600K, capacity 9902K, committed 9984K, reserved 1058816K
  class space    used 1121K, capacity 1255K, committed 1280K, reserved 1048576K
Event: 67.836 GC heap after
Heap after GC invocations=2 (full 0):
 PSYoungGen      total 75264K, used 7693K [0x000000076c380000, 0x0000000771780000, 0x00000007c0000000)
  eden space 64512K, 0% used [0x000000076c380000,0x000000076c380000,0x0000000770280000)
  from space 10752K, 71% used [0x0000000770d00000,0x00000007714836b0,0x0000000771780000)
  to   space 10752K, 0% used [0x0000000770280000,0x0000000770280000,0x0000000770d00000)
 ParOldGen       total 172032K, used 24K [0x00000006c4a00000, 0x00000006cf200000, 0x000000076c380000)
  object space 172032K, 0% used [0x00000006c4a00000,0x00000006c4a06000,0x00000006cf200000)
 Metaspace       used 9600K, capacity 9902K, committed 9984K, reserved 1058816K
  class space    used 1121K, capacity 1255K, committed 1280K, reserved 1048576K
}
Event: 76.271 GC heap before
{Heap before GC invocations=3 (full 0):
 PSYoungGen      total 75264K, used 30701K [0x000000076c380000, 0x0000000771780000, 0x00000007c0000000)
  eden space 64512K, 35% used [0x000000076c380000,0x000000076d9f8078,0x0000000770280000)
  from space 10752K, 71% used [0x0000000770d00000,0x00000007714836b0,0x0000000771780000)
  to   space 10752K, 0% used [0x0000000770280000,0x0000000770280000,0x0000000770d00000)
 ParOldGen       total 172032K, used 24K [0x00000006c4a00000, 0x00000006cf200000, 0x000000076c380000)
  object space 172032K, 0% used [0x00000006c4a00000,0x00000006c4a06000,0x00000006cf200000)
 Metaspace       used 20688K, capacity 20998K, committed 21248K, reserved 1069056K
  class space    used 1648K, capacity 1772K, committed 1792K, reserved 1048576K
Event: 76.293 GC heap after
Heap after GC invocations=3 (full 0):
 PSYoungGen      total 75264K, used 3682K [0x000000076c380000, 0x0000000771780000, 0x00000007c0000000)
  eden space 64512K, 0% used [0x000000076c380000,0x000000076c380000,0x0000000770280000)
  from space 10752K, 34% used [0x0000000770280000,0x0000000770618af0,0x0000000770d00000)
  to   space 10752K, 0% used [0x0000000770d00000,0x0000000770d00000,0x0000000771780000)
 ParOldGen       total 172032K, used 32K [0x00000006c4a00000, 0x00000006cf200000, 0x000000076c380000)
  object space 172032K, 0% used [0x00000006c4a00000,0x00000006c4a08000,0x00000006cf200000)
 Metaspace       used 20688K, capacity 20998K, committed 21248K, reserved 1069056K
  class space    used 1648K, capacity 1772K, committed 1792K, reserved 1048576K
}
Event: 76.293 GC heap before
{Heap before GC invocations=4 (full 1):
 PSYoungGen      total 75264K, used 3682K [0x000000076c380000, 0x0000000771780000, 0x00000007c0000000)
  eden space 64512K, 0% used [0x000000076c380000,0x000000076c380000,0x0000000770280000)
  from space 10752K, 34% used [0x0000000770280000,0x0000000770618af0,0x0000000770d00000)
  to   space 10752K, 0% used [0x0000000770d00000,0x0000000770d00000,0x0000000771780000)
 ParOldGen       total 172032K, used 32K [0x00000006c4a00000, 0x00000006cf200000, 0x000000076c380000)
  object space 172032K, 0% used [0x00000006c4a00000,0x00000006c4a08000,0x00000006cf200000)
 Metaspace       used 20688K, capacity 20998K, committed 21248K, reserved 1069056K
  class space    used 1648K, capacity 1772K, committed 1792K, reserved 1048576K
Event: 76.346 GC heap after
Heap after GC invocations=4 (full 1):
 PSYoungGen      total 75264K, used 0K [0x000000076c380000, 0x0000000771780000, 0x00000007c0000000)
  eden space 64512K, 0% used [0x000000076c380000,0x000000076c380000,0x0000000770280000)
  from space 10752K, 0% used [0x0000000770280000,0x0000000770280000,0x0000000770d00000)
  to   space 10752K, 0% used [0x0000000770d00000,0x0000000770d00000,0x0000000771780000)
 ParOldGen       total 68096K, used 3457K [0x00000006c4a00000, 0x00000006c8c80000, 0x000000076c380000)
  object space 68096K, 5% used [0x00000006c4a00000,0x00000006c4d60598,0x00000006c8c80000)
 Metaspace       used 20685K, capacity 20990K, committed 21248K, reserved 1069056K
  class space    used 1646K, capacity 1770K, committed 1792K, reserved 1048576K
}

